<?xml version="1.0" encoding="UTF-8"?>
<testng-results skipped="0" failed="1" ignored="0" total="4" passed="3">
  <reporter-output>
  </reporter-output>
  <suite name="Suite" duration-ms="109804" started-at="2020-06-10T18:29:37Z" finished-at="2020-06-10T18:31:27Z">
    <groups>
    </groups>
    <test name="Validate Top Navigation Bar of the Home page" duration-ms="67209" started-at="2020-06-10T18:29:37Z" finished-at="2020-06-10T18:30:44Z">
      <class name="Academy.E2EProject1.validateNavBar">
        <test-method status="PASS" signature="launch()[pri:0, instance:Academy.E2EProject1.validateNavBar@618b19ad]" name="launch" is-config="true" duration-ms="11368" started-at="2020-06-10T18:29:37Z" finished-at="2020-06-10T18:29:48Z">
          <reporter-output>
          </reporter-output>
        </test-method> <!-- launch -->
        <test-method status="PASS" signature="validateNavMethod()[pri:0, instance:Academy.E2EProject1.validateNavBar@618b19ad]" name="validateNavMethod" duration-ms="29193" started-at="2020-06-10T18:29:49Z" finished-at="2020-06-10T18:30:18Z">
          <reporter-output>
          </reporter-output>
        </test-method> <!-- validateNavMethod -->
        <test-method status="PASS" signature="teardown()[pri:0, instance:Academy.E2EProject1.validateNavBar@618b19ad]" name="teardown" is-config="true" duration-ms="26379" started-at="2020-06-10T18:30:18Z" finished-at="2020-06-10T18:30:44Z">
          <reporter-output>
          </reporter-output>
        </test-method> <!-- teardown -->
      </class> <!-- Academy.E2EProject1.validateNavBar -->
    </test> <!-- Validate Top Navigation Bar of the Home page -->
    <test name="Validate Title of the Home page" duration-ms="67115" started-at="2020-06-10T18:29:37Z" finished-at="2020-06-10T18:30:44Z">
      <class name="Academy.E2EProject1.validateTitle">
        <test-method status="PASS" signature="launch()[pri:0, instance:Academy.E2EProject1.validateTitle@33d512c1]" name="launch" is-config="true" duration-ms="11370" started-at="2020-06-10T18:29:37Z" finished-at="2020-06-10T18:29:48Z">
          <reporter-output>
          </reporter-output>
        </test-method> <!-- launch -->
        <test-method status="FAIL" signature="validateTitleMethod()[pri:0, instance:Academy.E2EProject1.validateTitle@33d512c1]" name="validateTitleMethod" duration-ms="32773" started-at="2020-06-10T18:29:49Z" finished-at="2020-06-10T18:30:21Z">
          <exception class="java.lang.AssertionError">
            <message>
              <![CDATA[expected [FEATURED COURSES123] but found [FEATURED COURSES]]]>
            </message>
            <full-stacktrace>
              <![CDATA[java.lang.AssertionError: expected [FEATURED COURSES123] but found [FEATURED COURSES]
at org.testng.Assert.fail(Assert.java:96)
at org.testng.Assert.failNotEquals(Assert.java:776)
at org.testng.Assert.assertEqualsImpl(Assert.java:137)
at org.testng.Assert.assertEquals(Assert.java:118)
at org.testng.Assert.assertEquals(Assert.java:453)
at org.testng.Assert.assertEquals(Assert.java:463)
at Academy.E2EProject1.validateTitle.validateTitleMethod(validateTitle.java:33)
at sun.reflect.NativeMethodAccessorImpl.invoke0(Native Method)
at sun.reflect.NativeMethodAccessorImpl.invoke(NativeMethodAccessorImpl.java:62)
at sun.reflect.DelegatingMethodAccessorImpl.invoke(DelegatingMethodAccessorImpl.java:43)
at java.lang.reflect.Method.invoke(Method.java:498)
at org.testng.internal.MethodInvocationHelper.invokeMethod(MethodInvocationHelper.java:124)
at org.testng.internal.Invoker.invokeMethod(Invoker.java:583)
at org.testng.internal.Invoker.invokeTestMethod(Invoker.java:719)
at org.testng.internal.Invoker.invokeTestMethods(Invoker.java:989)
at org.testng.internal.TestMethodWorker.invokeTestMethods(TestMethodWorker.java:125)
at org.testng.internal.TestMethodWorker.run(TestMethodWorker.java:109)
at org.testng.TestRunner.privateRun(TestRunner.java:648)
at org.testng.TestRunner.run(TestRunner.java:505)
at org.testng.SuiteRunner.runTest(SuiteRunner.java:455)
at org.testng.SuiteRunner.access$000(SuiteRunner.java:40)
at org.testng.SuiteRunner$SuiteWorker.run(SuiteRunner.java:489)
at org.testng.internal.thread.ThreadUtil$1.call(ThreadUtil.java:52)
at java.util.concurrent.FutureTask.run(FutureTask.java:266)
at java.util.concurrent.ThreadPoolExecutor.runWorker(ThreadPoolExecutor.java:1149)
at java.util.concurrent.ThreadPoolExecutor$Worker.run(ThreadPoolExecutor.java:624)
at java.lang.Thread.run(Thread.java:748)
]]>
            </full-stacktrace>
          </exception> <!-- java.lang.AssertionError -->
          <reporter-output>
          </reporter-output>
        </test-method> <!-- validateTitleMethod -->
        <test-method status="PASS" signature="teardown()[pri:0, instance:Academy.E2EProject1.validateTitle@33d512c1]" name="teardown" is-config="true" duration-ms="21780" started-at="2020-06-10T18:30:22Z" finished-at="2020-06-10T18:30:44Z">
          <reporter-output>
          </reporter-output>
        </test-method> <!-- teardown -->
      </class> <!-- Academy.E2EProject1.validateTitle -->
    </test> <!-- Validate Title of the Home page -->
    <test name="Validate Login page from Home page" duration-ms="109804" started-at="2020-06-10T18:29:37Z" finished-at="2020-06-10T18:31:27Z">
      <class name="Academy.E2EProject1.HomePage">
        <test-method status="PASS" signature="launch()[pri:0, instance:Academy.E2EProject1.HomePage@6f1de4c7]" name="launch" is-config="true" duration-ms="11703" started-at="2020-06-10T18:29:37Z" finished-at="2020-06-10T18:29:49Z">
          <reporter-output>
          </reporter-output>
        </test-method> <!-- launch -->
        <test-method status="PASS" signature="baseNavigation(java.lang.String, java.lang.String, java.lang.String)[pri:0, instance:Academy.E2EProject1.HomePage@6f1de4c7]" name="baseNavigation" duration-ms="69803" started-at="2020-06-10T18:29:49Z" data-provider="getData" finished-at="2020-06-10T18:30:58Z">
          <params>
            <param index="0">
              <value>
                <![CDATA[dhruvbilakhia@gmail.com]]>
              </value>
            </param>
            <param index="1">
              <value>
                <![CDATA[Test@123]]>
              </value>
            </param>
            <param index="2">
              <value>
                <![CDATA[Valid User]]>
              </value>
            </param>
          </params>
          <reporter-output>
          </reporter-output>
        </test-method> <!-- baseNavigation -->
        <test-method status="PASS" signature="baseNavigation(java.lang.String, java.lang.String, java.lang.String)[pri:0, instance:Academy.E2EProject1.HomePage@6f1de4c7]" name="baseNavigation" duration-ms="28204" started-at="2020-06-10T18:30:58Z" data-provider="getData" finished-at="2020-06-10T18:31:27Z">
          <params>
            <param index="0">
              <value>
                <![CDATA[someemail@email.com]]>
              </value>
            </param>
            <param index="1">
              <value>
                <![CDATA[Test@123]]>
              </value>
            </param>
            <param index="2">
              <value>
                <![CDATA[Invalid User]]>
              </value>
            </param>
          </params>
          <reporter-output>
          </reporter-output>
        </test-method> <!-- baseNavigation -->
        <test-method status="PASS" signature="teardown()[pri:0, instance:Academy.E2EProject1.HomePage@6f1de4c7]" name="teardown" is-config="true" duration-ms="83" started-at="2020-06-10T18:31:27Z" finished-at="2020-06-10T18:31:27Z">
          <reporter-output>
          </reporter-output>
        </test-method> <!-- teardown -->
      </class> <!-- Academy.E2EProject1.HomePage -->
    </test> <!-- Validate Login page from Home page -->
  </suite> <!-- Suite -->
</testng-results>
